TN:
SF:C:/Users/USER/Desktop/politico/src/app.js
FN:12,(anonymous_1)
FN:15,(anonymous_2)
FNF:2
FNH:1
FNDA:0,(anonymous_1)
FNDA:1,(anonymous_2)
DA:1,1
DA:2,1
DA:3,1
DA:4,1
DA:6,1
DA:7,1
DA:8,1
DA:9,1
DA:10,1
DA:11,1
DA:12,1
DA:13,0
DA:15,1
DA:16,1
LF:14
LH:13
BRDA:8,0,0,1
BRDA:8,0,1,1
BRF:2
BRH:2
end_of_record
TN:
SF:C:/Users/USER/Desktop/politico/src/controllers/candidateController.js
FN:12,(anonymous_8)
FN:18,(anonymous_9)
FN:24,(anonymous_10)
FNF:3
FNH:0
FNDA:0,(anonymous_8)
FNDA:0,(anonymous_9)
FNDA:0,(anonymous_10)
DA:1,1
DA:5,0
DA:6,0
DA:7,0
DA:8,0
DA:9,0
DA:10,0
DA:11,0
DA:12,0
DA:13,0
DA:14,0
DA:16,0
DA:17,0
DA:18,0
DA:19,0
DA:20,0
DA:22,0
DA:23,0
DA:24,0
DA:25,0
DA:26,0
DA:27,0
DA:32,0
DA:38,0
LF:24
LH:1
BRDA:13,0,0,0
BRDA:13,0,1,0
BRDA:19,1,0,0
BRDA:19,1,1,0
BRDA:25,2,0,0
BRDA:25,2,1,0
BRDA:26,3,0,0
BRDA:26,3,1,0
BRF:8
BRH:0
end_of_record
TN:
SF:C:/Users/USER/Desktop/politico/src/controllers/officeController.js
FN:12,(anonymous_8)
FN:27,(anonymous_10)
FN:43,(anonymous_12)
FNF:3
FNH:0
FNDA:0,(anonymous_8)
FNDA:0,(anonymous_10)
FNDA:0,(anonymous_12)
DA:1,1
DA:5,0
DA:9,0
DA:10,0
DA:11,0
DA:12,0
DA:13,0
DA:14,0
DA:16,0
DA:20,0
DA:26,0
DA:27,0
DA:28,0
DA:29,0
DA:31,0
DA:35,0
DA:41,0
DA:42,0
DA:43,0
DA:44,0
DA:45,0
DA:47,0
DA:51,0
LF:23
LH:1
BRDA:13,0,0,0
BRDA:13,0,1,0
BRDA:28,1,0,0
BRDA:28,1,1,0
BRDA:44,2,0,0
BRDA:44,2,1,0
BRF:6
BRH:0
end_of_record
TN:
SF:C:/Users/USER/Desktop/politico/src/controllers/partyController.js
FN:9,(anonymous_8)
FN:25,(anonymous_10)
FN:50,(anonymous_12)
FN:71,(anonymous_14)
FN:100,(anonymous_16)
FNF:5
FNH:5
FNDA:1,(anonymous_8)
FNDA:2,(anonymous_10)
FNDA:1,(anonymous_12)
FNDA:2,(anonymous_14)
FNDA:2,(anonymous_16)
DA:1,1
DA:5,1
DA:6,1
DA:7,1
DA:8,1
DA:9,1
DA:10,1
DA:11,0
DA:13,1
DA:17,1
DA:23,2
DA:24,2
DA:25,2
DA:26,2
DA:27,1
DA:29,1
DA:30,1
DA:34,1
DA:36,1
DA:37,0
DA:38,0
DA:42,0
DA:49,1
DA:50,1
DA:51,1
DA:52,0
DA:56,0
DA:58,1
DA:62,1
DA:69,2
DA:70,2
DA:71,2
DA:72,2
DA:73,0
DA:77,0
DA:79,2
DA:80,1
DA:84,1
DA:87,1
DA:91,1
DA:98,2
DA:99,2
DA:100,2
DA:101,2
DA:102,0
DA:106,0
DA:107,2
DA:108,1
DA:112,1
DA:114,1
DA:118,1
LF:51
LH:41
BRDA:10,0,0,0
BRDA:10,0,1,1
BRDA:26,1,0,1
BRDA:26,1,1,1
BRDA:29,2,0,1
BRDA:29,2,1,0
BRDA:36,3,0,0
BRDA:36,3,1,1
BRDA:51,4,0,0
BRDA:51,4,1,1
BRDA:72,5,0,0
BRDA:72,5,1,2
BRDA:79,6,0,1
BRDA:79,6,1,1
BRDA:101,7,0,0
BRDA:101,7,1,2
BRDA:107,8,0,1
BRDA:107,8,1,1
BRF:18
BRH:12
end_of_record
TN:
SF:C:/Users/USER/Desktop/politico/src/controllers/userController.js
FN:24,(anonymous_10)
FN:41,(anonymous_11)
FN:66,(anonymous_13)
FN:80,(anonymous_14)
FNF:4
FNH:0
FNDA:0,(anonymous_10)
FNDA:0,(anonymous_11)
FNDA:0,(anonymous_13)
FNDA:0,(anonymous_14)
DA:1,1
DA:2,1
DA:3,1
DA:4,1
DA:6,1
DA:10,0
DA:20,0
DA:21,0
DA:22,0
DA:23,0
DA:24,0
DA:25,0
DA:26,0
DA:27,0
DA:32,0
DA:36,0
DA:37,0
DA:40,0
DA:41,0
DA:42,0
DA:49,0
DA:54,0
DA:59,0
DA:63,0
DA:64,0
DA:65,0
DA:66,0
DA:67,0
DA:68,0
DA:69,0
DA:70,0
DA:73,0
DA:74,0
DA:75,0
DA:76,0
DA:79,0
DA:80,0
DA:81,0
DA:88,0
DA:91,0
DA:96,0
LF:41
LH:5
BRDA:25,0,0,0
BRDA:25,0,1,0
BRDA:26,1,0,0
BRDA:26,1,1,0
BRDA:36,2,0,0
BRDA:36,2,1,0
BRDA:67,3,0,0
BRDA:67,3,1,0
BRDA:69,4,0,0
BRDA:69,4,1,0
BRDA:75,5,0,0
BRDA:75,5,1,0
BRF:12
BRH:0
end_of_record
TN:
SF:C:/Users/USER/Desktop/politico/src/helpers/candidateValidator.js
FNF:0
FNH:0
DA:5,0
DA:6,0
DA:7,0
DA:8,0
DA:9,0
DA:11,0
DA:12,0
DA:13,0
DA:14,0
DA:18,0
DA:19,0
DA:21,0
DA:22,0
DA:24,0
DA:25,0
DA:28,0
DA:30,0
DA:33,0
DA:37,0
LF:19
LH:0
BRDA:14,0,0,0
BRDA:14,0,1,0
BRDA:14,1,0,0
BRDA:14,1,1,0
BRDA:14,1,2,0
BRDA:14,1,3,0
BRDA:19,2,0,0
BRDA:19,2,1,0
BRDA:19,3,0,0
BRDA:19,3,1,0
BRDA:19,3,2,0
BRDA:19,3,3,0
BRDA:22,4,0,0
BRDA:22,4,1,0
BRDA:22,5,0,0
BRDA:22,5,1,0
BRDA:22,5,2,0
BRDA:22,5,3,0
BRDA:22,5,4,0
BRDA:25,6,0,0
BRDA:25,6,1,0
BRDA:25,7,0,0
BRDA:25,7,1,0
BRDA:25,7,2,0
BRF:24
BRH:0
end_of_record
TN:
SF:C:/Users/USER/Desktop/politico/src/helpers/officeValidator.js
FN:8,(anonymous_7)
FNF:1
FNH:0
FNDA:0,(anonymous_7)
DA:4,0
DA:5,0
DA:6,0
DA:7,0
DA:8,0
DA:9,0
DA:11,0
DA:14,0
DA:18,0
DA:22,0
LF:10
LH:0
BRDA:9,0,0,0
BRDA:9,0,1,0
BRDA:9,1,0,0
BRDA:9,1,1,0
BRF:4
BRH:0
end_of_record
TN:
SF:C:/Users/USER/Desktop/politico/src/helpers/partyValidator.js
FN:8,(anonymous_7)
FNF:1
FNH:1
FNDA:5,(anonymous_7)
DA:4,2
DA:5,2
DA:6,2
DA:7,2
DA:8,5
DA:9,2
DA:13,1
DA:15,1
DA:19,1
DA:20,1
DA:24,1
DA:30,5
DA:31,5
DA:32,5
DA:33,1
DA:37,1
DA:39,4
DA:40,1
DA:44,1
DA:46,3
DA:47,3
DA:48,30
DA:49,1
DA:53,1
DA:57,5
DA:58,3
DA:61,2
DA:67,4
DA:68,4
DA:69,4
DA:70,1
DA:74,1
DA:76,3
DA:77,1
DA:81,1
DA:83,2
DA:84,0
DA:85,0
DA:86,0
DA:90,0
DA:94,4
DA:95,2
DA:98,2
LF:43
LH:39
BRDA:9,0,0,1
BRDA:9,0,1,1
BRDA:9,1,0,2
BRDA:9,1,1,1
BRDA:9,1,2,1
BRDA:32,2,0,1
BRDA:32,2,1,4
BRDA:39,3,0,1
BRDA:39,3,1,3
BRDA:46,4,0,3
BRDA:46,4,1,0
BRDA:48,5,0,1
BRDA:48,5,1,29
BRDA:57,6,0,3
BRDA:57,6,1,2
BRDA:69,7,0,1
BRDA:69,7,1,3
BRDA:76,8,0,1
BRDA:76,8,1,2
BRDA:83,9,0,0
BRDA:83,9,1,2
BRDA:85,10,0,0
BRDA:85,10,1,0
BRDA:94,11,0,2
BRDA:94,11,1,2
BRF:25
BRH:21
end_of_record
TN:
SF:C:/Users/USER/Desktop/politico/src/helpers/userValidator.js
FNF:0
FNH:0
DA:4,0
DA:13,0
DA:15,0
DA:16,0
DA:17,0
DA:18,0
DA:25,0
DA:27,0
DA:30,0
DA:31,0
DA:32,0
DA:35,0
DA:38,0
DA:42,0
DA:47,0
DA:51,0
DA:53,0
DA:54,0
DA:55,0
DA:56,0
DA:58,0
DA:59,0
DA:60,0
DA:61,0
DA:62,0
DA:64,0
DA:67,0
DA:71,0
LF:28
LH:0
BRDA:18,0,0,0
BRDA:18,0,1,0
BRDA:18,1,0,0
BRDA:18,1,1,0
BRDA:18,1,2,0
BRDA:18,1,3,0
BRDA:18,1,4,0
BRDA:18,1,5,0
BRDA:18,1,6,0
BRDA:27,2,0,0
BRDA:27,2,1,0
BRDA:27,3,0,0
BRDA:27,3,1,0
BRDA:27,3,2,0
BRDA:27,3,3,0
BRDA:27,3,4,0
BRDA:27,3,5,0
BRDA:27,3,6,0
BRDA:31,4,0,0
BRDA:31,4,1,0
BRDA:31,5,0,0
BRDA:31,5,1,0
BRDA:56,6,0,0
BRDA:56,6,1,0
BRDA:56,7,0,0
BRDA:56,7,1,0
BRDA:59,8,0,0
BRDA:59,8,1,0
BRDA:59,9,0,0
BRDA:59,9,1,0
BRDA:61,10,0,0
BRDA:61,10,1,0
BRDA:61,11,0,0
BRDA:61,11,1,0
BRF:34
BRH:0
end_of_record
TN:
SF:C:/Users/USER/Desktop/politico/src/model/migrations.js
FN:37,createTables
FN:38,(anonymous_2)
FNF:2
FNH:2
FNDA:1,createTables
FNDA:1,(anonymous_2)
DA:1,1
DA:3,1
DA:10,1
DA:16,1
DA:28,1
DA:37,1
DA:38,1
DA:39,1
LF:8
LH:8
BRF:0
BRH:0
end_of_record
TN:
SF:C:/Users/USER/Desktop/politico/src/model/query.js
FN:10,pdb
FNF:1
FNH:1
FNDA:10,pdb
DA:1,1
DA:2,1
DA:3,1
DA:5,1
DA:7,1
DA:9,1
DA:10,1
DA:11,10
DA:12,10
DA:13,0
DA:15,10
DA:16,7
DA:19,3
DA:21,10
LF:14
LH:13
BRDA:12,0,0,0
BRDA:12,0,1,10
BRDA:15,1,0,7
BRDA:15,1,1,3
BRF:4
BRH:3
end_of_record
TN:
SF:C:/Users/USER/Desktop/politico/src/router/routes.js
FNF:0
FNH:0
DA:1,1
DA:2,1
DA:3,1
DA:4,1
DA:5,1
DA:6,1
DA:7,1
DA:8,1
DA:9,1
DA:10,1
DA:13,1
DA:14,1
DA:15,1
DA:16,1
DA:17,1
DA:18,1
DA:19,1
DA:20,1
DA:21,1
DA:22,1
DA:23,1
DA:24,1
DA:25,1
DA:26,1
DA:27,1
DA:28,1
DA:29,1
DA:30,1
DA:31,1
DA:32,1
LF:30
LH:30
BRF:0
BRH:0
end_of_record
